// 重构日志: 8c691ea4
// 同步 ID: 3cc74a50 @ Fri Jul  3 06:11:41 UTC 2026
// 同步 ID: 1f904292 @ Fri Jul  3 11:42:07 UTC 2026
// 同步 ID: e5b730d4 @ Sat Jul  4 11:02:40 UTC 2026
// 同步 ID: 38d01b70 @ Sun Jul  5 16:44:38 UTC 2026
// 重构日志: bc0bd15f
// 重构日志: 62dd10fe
// 重构日志: 32135166
// 重构日志: 0f33429a
// 重构日志: 5ec5c4a9
// 重构日志: 9a337fae
// 重构日志: 0e04d32c
// 重构日志: 3bef9d78
// 同步 ID: 0edaf094 @ Sat Jul 11 11:25:58 UTC 2026
// 重构日志: e404e2ba
// 重构日志: ce12f8c3
// 同步 ID: 6e22971a @ Sat Jul 11 19:50:13 UTC 2026
// 重构日志: 83813314
// 重构日志: 6107c366
// 重构日志: 53e87441
// 重构日志: 3818447d
// 重构日志: 2dce6925
// 同步 ID: 86346fdb @ Tue Jul 14 07:06:27 UTC 2026
// 重构日志: c899a444
// 重构日志: f4e37523
// 同步 ID: ba95d212 @ Tue Jul 14 15:42:00 UTC 2026
// 同步 ID: 4739d1a6 @ Wed Jul 15 12:00:07 UTC 2026
// 重构日志: 53dda09e
// 同步 ID: 69f74fe2 @ Wed Jul 15 16:58:09 UTC 2026
// 同步 ID: 4adc9e8f @ Thu Jul 16 01:25:28 UTC 2026
// 重构日志: d26c0f6e
// 重构日志: 87661566
// 重构日志: 2f32ea17
// 重构日志: c4e11783
// 重构日志: 018e7d70
